<?xml version="1.0" encoding="UTF-8"?>
<testsuite xmlns:xsi="http://www.w3.org/2001/XMLSchema-instance" xsi:noNamespaceSchemaLocation="https://maven.apache.org/surefire/maven-surefire-plugin/xsd/surefire-test-report-3.0.xsd" version="3.0" name="edu.escuelaing.arem.ASE.app.AppTest" time="5.582" tests="2" errors="0" skipped="0" failures="0">
  <properties>
[...]
</properties>
  <testcase name="testExternalApiConnection" classname="edu.escuelaing.arem.ASE.app.AppTest" time="5.549">
    <system-out><![CDATA[GET Response Code :: 200
{"Title":"Inception","Year":"2010","Rated":"PG-13","Released":"16 Jul 2010","Runtime":"148 min","Genre":"Action, Adventure, Sci-Fi","Director":"Christopher Nolan","Writer":"Christopher Nolan","Actors":"Leonardo DiCaprio, Joseph Gordon-Levitt, Elliot Page","Plot":"A thief who steals corporate secrets through the use of dream-sharing technology is given the inverse task of planting an idea into the mind of a C.E.O., but his tragic past may doom the project and his team to disaster.","Language":"English, Japanese, French","Country":"United States, United Kingdom","Awards":"Won 4 Oscars. 159 wins & 220 nominations total","Poster":"https://m.media-amazon.com/images/M/MV5BMjAxMzY3NjcxNF5BMl5BanBnXkFtZTcwNTI5OTM0Mw@@._V1_SX300.jpg","Ratings":[{"Source":"Internet Movie Database","Value":"8.8/10"},{"Source":"Rotten Tomatoes","Value":"87%"},{"Source":"Metacritic","Value":"74/100"}],"Metascore":"74","imdbRating":"8.8","imdbVotes":"2,504,988","imdbID":"tt1375666","Type":"movie","DVD":"20 Jun 2013","BoxOffice":"$292,587,330","Production":"N/A","Website":"N/A","Response":"True"}
GET DONE
GET Response Code :: 200
{"Title":"Inception","Year":"2010","Rated":"PG-13","Released":"16 Jul 2010","Runtime":"148 min","Genre":"Action, Adventure, Sci-Fi","Director":"Christopher Nolan","Writer":"Christopher Nolan","Actors":"Leonardo DiCaprio, Joseph Gordon-Levitt, Elliot Page","Plot":"A thief who steals corporate secrets through the use of dream-sharing technology is given the inverse task of planting an idea into the mind of a C.E.O., but his tragic past may doom the project and his team to disaster.","Language":"English, Japanese, French","Country":"United States, United Kingdom","Awards":"Won 4 Oscars. 159 wins & 220 nominations total","Poster":"https://m.media-amazon.com/images/M/MV5BMjAxMzY3NjcxNF5BMl5BanBnXkFtZTcwNTI5OTM0Mw@@._V1_SX300.jpg","Ratings":[{"Source":"Internet Movie Database","Value":"8.8/10"},{"Source":"Rotten Tomatoes","Value":"87%"},{"Source":"Metacritic","Value":"74/100"}],"Metascore":"74","imdbRating":"8.8","imdbVotes":"2,504,988","imdbID":"tt1375666","Type":"movie","DVD":"20 Jun 2013","BoxOffice":"$292,587,330","Production":"N/A","Website":"N/A","Response":"True"}
GET DONE
]]></system-out>
  </testcase>
  <testcase name="testCache" classname="edu.escuelaing.arem.ASE.app.AppTest" time="0.0"/>
</testsuite>